<?xml version="1.0" encoding="UTF-8"?>
<!-- Generated by org.testng.reporters.JUnitReportReporter -->
<testsuite hostname="Manish" failures="0" tests="1" name="Cucumberoptions.TestRunner" time="0.094" errors="0" timestamp="2023-12-09T21:48:59 IST" skipped="0">
  <testcase classname="Cucumberoptions.TestRunner" name="runScenario" time="0.094"/>
</testsuite> <!-- Cucumberoptions.TestRunner -->
