<?xml version="1.0" encoding="UTF-8"?>
<!-- Generated by org.testng.reporters.JUnitReportReporter -->
<testsuite hostname="Manish" failures="0" tests="4" name="com.testNgAnnotation.TestngClass2" time="0.010" errors="0" timestamp="2023-10-29T17:36:12 IST" skipped="0">
  <testcase classname="com.testNgAnnotation.TestngClass2" name="test2" time="0.004"/>
  <testcase classname="com.testNgAnnotation.TestngClass2" name="bpple" time="0.005"/>
  <testcase classname="com.testNgAnnotation.TestngClass2" name="bppple" time="0.001"/>
  <testcase classname="com.testNgAnnotation.TestngClass2" name="test1" time="0.000"/>
</testsuite> <!-- com.testNgAnnotation.TestngClass2 -->
