<?xml version="1.0" encoding="UTF-8"?>
<!-- Generated by org.testng.reporters.JUnitReportReporter -->
<testsuite hostname="Manish" failures="0" tests="1" name="method2.practice" time="10.955" errors="0" timestamp="2023-10-04T10:09:49 IST" skipped="0">
  <testcase classname="method2.practice" name="practice" time="10.955"/>
</testsuite> <!-- method2.practice -->
