<?xml version="1.0" encoding="UTF-8"?>
<!-- Generated by org.testng.reporters.JUnitReportReporter -->
<testsuite hostname="Manish" failures="0" tests="1" name="Extent.NewTest" time="0.025" errors="0" timestamp="2023-09-18T10:02:28 IST" skipped="0">
  <testcase classname="Extent.NewTest" name="Browserlauch" time="0.025"/>
  <system-out/>
</testsuite> <!-- Extent.NewTest -->
