<?xml version="1.0" encoding="UTF-8"?>
<!-- Generated by org.testng.reporters.JUnitReportReporter -->
<testsuite hostname="Manish" failures="0" tests="1" name="com.mystore.testcases.Testcase_Login_001" time="2.754" errors="0" timestamp="2023-09-25T09:30:28 IST" skipped="0">
  <testcase classname="com.mystore.testcases.Testcase_Login_001" name="loginpage" time="2.754"/>
</testsuite> <!-- com.mystore.testcases.Testcase_Login_001 -->
