<?xml version="1.0" encoding="UTF-8"?>
<!-- Generated by org.testng.reporters.JUnitReportReporter -->
<testsuite hostname="Manish" failures="0" tests="4" name="TestNgParameter.ParameterExample" time="0.052" errors="0" timestamp="2023-10-21T12:19:28 IST" skipped="0">
  <testcase classname="TestNgParameter.ParameterExample" name="mul" time="0.013"/>
  <testcase classname="TestNgParameter.ParameterExample" name="add" time="0.013"/>
  <testcase classname="TestNgParameter.ParameterExample" name="div" time="0.013"/>
  <testcase classname="TestNgParameter.ParameterExample" name="sub" time="0.013"/>
</testsuite> <!-- TestNgParameter.ParameterExample -->
