<?xml version="1.0" encoding="UTF-8"?>
<!-- Generated by org.testng.reporters.JUnitReportReporter -->
<testsuite hostname="Manish" failures="0" tests="2" name="FailedTestcase.Testcase1" time="0.016" errors="0" timestamp="2023-11-05T09:35:55 IST" skipped="0">
  <testcase classname="FailedTestcase.Testcase1" name="test1" time="0.002"/>
  <testcase classname="FailedTestcase.Testcase1" name="test3" time="0.014"/>
</testsuite> <!-- FailedTestcase.Testcase1 -->
