<?xml version="1.0" encoding="UTF-8"?>
<!-- Generated by org.testng.reporters.JUnitReportReporter -->
<testsuite hostname="Manish" failures="0" tests="2" name="com.testNgAnnotation.TestNgPractice" time="0.010" errors="0" timestamp="2023-10-18T21:51:41 IST" skipped="0">
  <testcase classname="com.testNgAnnotation.TestNgPractice" name="test2" time="0.003"/>
  <testcase classname="com.testNgAnnotation.TestNgPractice" name="test1" time="0.007"/>
</testsuite> <!-- com.testNgAnnotation.TestNgPractice -->
