<?xml version="1.0" encoding="UTF-8"?>
<!-- Generated by org.testng.reporters.JUnitReportReporter -->
<testsuite hostname="Manish" failures="0" tests="3" name="CrossBrowser.CrossBrowser" time="1.905" errors="0" timestamp="2023-11-03T20:32:13 IST" skipped="0">
  <testcase classname="CrossBrowser.CrossBrowser" name="verifyTitle" time="1.714"/>
  <testcase classname="CrossBrowser.CrossBrowser" name="verifyTitle" time="0.008"/>
  <testcase classname="CrossBrowser.CrossBrowser" name="verifyTitle" time="0.183"/>
</testsuite> <!-- CrossBrowser.CrossBrowser -->
