<?xml version="1.0" encoding="UTF-8"?>
<!-- Generated by org.testng.reporters.JUnitReportReporter -->
<testsuite hostname="Manish" failures="0" tests="1" name="method2.SwitchtoNewTab" time="7.693" errors="0" timestamp="2023-11-01T11:57:50 IST" skipped="0">
  <testcase classname="method2.SwitchtoNewTab" name="testmethod" time="7.693"/>
</testsuite> <!-- method2.SwitchtoNewTab -->
