<?xml version="1.0" encoding="UTF-8"?>
<!-- Generated by org.testng.reporters.JUnitReportReporter -->
<testsuite hostname="Manish" failures="0" tests="3" name="com.testNgAnnotation.TestngClass2" time="0.033" errors="0" timestamp="2023-10-19T11:07:41 IST" skipped="0">
  <testcase classname="com.testNgAnnotation.TestngClass2" name="test1" time="0.010"/>
  <testcase classname="com.testNgAnnotation.TestngClass2" name="bpple" time="0.010"/>
  <testcase classname="com.testNgAnnotation.TestngClass2" name="test2" time="0.013"/>
</testsuite> <!-- com.testNgAnnotation.TestngClass2 -->
