<?xml version="1.0" encoding="UTF-8"?>
<!-- Generated by org.testng.reporters.JUnitReportReporter -->
<testsuite hostname="Manish" failures="0" tests="1" name="BatchTesting.testcase2" time="0.003" errors="0" timestamp="2023-11-02T10:08:19 IST" skipped="0">
  <testcase classname="BatchTesting.testcase2" name="test2" time="0.003"/>
</testsuite> <!-- BatchTesting.testcase2 -->
