<?xml version="1.0" encoding="UTF-8"?>
<!-- Generated by org.testng.reporters.JUnitReportReporter -->
<testsuite hostname="Manish" failures="0" tests="1" name="com.mavn.prctaice.practice" time="9.642" errors="0" timestamp="2023-10-04T08:24:59 IST" skipped="0">
  <testcase classname="com.mavn.prctaice.practice" name="practice" time="9.642"/>
</testsuite> <!-- com.mavn.prctaice.practice -->
