<?xml version="1.0" encoding="UTF-8"?>
<!-- Generated by org.testng.reporters.JUnitReportReporter -->
<testsuite hostname="Manish" failures="0" tests="1" name="BatchTesting.testcase3" time="0.002" errors="0" timestamp="2023-11-02T10:08:19 IST" skipped="0">
  <testcase classname="BatchTesting.testcase3" name="test3" time="0.002"/>
</testsuite> <!-- BatchTesting.testcase3 -->
