<?xml version="1.0" encoding="UTF-8"?>
<!-- Generated by org.testng.reporters.JUnitReportReporter -->
<testsuite hostname="Manish" failures="0" tests="1" name="BatchTesting.Testcase4" time="0.001" errors="0" timestamp="2023-11-02T10:08:19 IST" skipped="0">
  <testcase classname="BatchTesting.Testcase4" name="test4" time="0.001"/>
</testsuite> <!-- BatchTesting.Testcase4 -->
