<?xml version="1.0" encoding="UTF-8"?>
<!-- Generated by org.testng.reporters.JUnitReportReporter -->
<testsuite hostname="Manish" failures="0" tests="1" name="TestNgParameter.Automobile" time="0.001" errors="0" timestamp="2023-10-21T13:12:16 IST" skipped="0">
  <testcase classname="TestNgParameter.Automobile" name="test2" time="0.001"/>
</testsuite> <!-- TestNgParameter.Automobile -->
