<?xml version="1.0" encoding="UTF-8"?>
<!-- Generated by org.testng.reporters.JUnitReportReporter -->
<testsuite hostname="Manish" failures="0" tests="3" name="TestNgParameter.Dataproviderexample" time="18.174" errors="0" timestamp="2023-10-22T18:49:31 IST" skipped="0">
  <testcase classname="TestNgParameter.Dataproviderexample" name="serahword" time="5.200"/>
  <testcase classname="TestNgParameter.Dataproviderexample" name="serahword" time="8.844"/>
  <testcase classname="TestNgParameter.Dataproviderexample" name="serahword" time="4.130"/>
</testsuite> <!-- TestNgParameter.Dataproviderexample -->
