<?xml version="1.0" encoding="UTF-8"?>
<!-- Generated by org.testng.reporters.JUnitReportReporter -->
<testsuite hostname="Manish" failures="0" tests="1" name="Assertions.HardAssert" time="9.047" errors="0" timestamp="2023-10-29T17:32:11 IST" skipped="0">
  <testcase classname="Assertions.HardAssert" name="test" time="9.047"/>
</testsuite> <!-- Assertions.HardAssert -->
